<?xml version="1.0" encoding="UTF-8"?>
<testsuite xmlns:xsi="http://www.w3.org/2001/XMLSchema-instance" xsi:noNamespaceSchemaLocation="https://maven.apache.org/surefire/maven-surefire-plugin/xsd/surefire-test-report.xsd" name="edu.technischools.java.service.CalculatorTest" time="0.084" tests="3" errors="0" skipped="0" failures="0">
  <properties>
[...]
</properties>
  <testcase name="compute_Addition" classname="edu.technischools.java.service.CalculatorTest" time="0.004"/>
  <testcase name="compute_InvalidOperation" classname="edu.technischools.java.service.CalculatorTest" time="0.002"/>
  <testcase name="compute_DivisionByZero" classname="edu.technischools.java.service.CalculatorTest" time="0.001"/>
</testsuite>